Arguments: 
  /usr/bin/node /home/krishna-rijal/.yarn/bin/yarn.js info

PATH: 
  /home/krishna-rijal/.yarn/bin:/home/krishna-rijal/.config/yarn/global/node_modules/.bin:/home/krishna-rijal/.yarn/bin:/home/krishna-rijal/.config/yarn/global/node_modules/.bin:/home/krishna-rijal/miniconda3/bin:/home/krishna-rijal/miniconda3/condabin:/home/krishna-rijal/.local/share/solana/install/active_release/bin:/home/krishna-rijal/.cargo/bin:/home/krishna-rijal/.local/bin:/usr/local/sbin:/usr/local/bin:/usr/sbin:/usr/bin:/sbin:/bin:/usr/games:/usr/local/games:/snap/bin

Yarn version: 
  1.22.17

Node version: 
  17.9.0

Platform: 
  linux x64

Trace: 
  TypeError: Cannot read properties of null (reading '1')
      at parsePackageName (/home/krishna-rijal/.yarn/lib/cli.js:101270:29)
      at Object.<anonymous> (/home/krishna-rijal/.yarn/lib/cli.js:88832:90)
      at Generator.next (<anonymous>)
      at step (/home/krishna-rijal/.yarn/lib/cli.js:310:30)
      at /home/krishna-rijal/.yarn/lib/cli.js:321:13

npm manifest: 
  {
      "scripts": {
          "lint:fix": "prettier */*.js \"*/**/*{.js,.ts}\" -w",
          "lint": "prettier */*.js \"*/**/*{.js,.ts}\" --check"
      },
      "dependencies": {
          "@project-serum/anchor": "^0.24.2"
      },
      "devDependencies": {
          "chai": "^4.3.4",
          "mocha": "^9.0.3",
          "ts-mocha": "^8.0.0",
          "@types/bn.js": "^5.1.0",
          "@types/chai": "^4.3.0",
          "@types/mocha": "^9.0.0",
          "typescript": "^4.3.5",
          "prettier": "^2.6.2"
      }
  }

yarn manifest: 
  No manifest

Lockfile: 
  No lockfile
